Unity Editor version:    2021.3.4f1 (cb45f9cae8b7)
Branch:                  2021.3/staging
Build type:              Release
Batch mode:              YES
macOS version:           Version 13.1 (Build 22C65)
Darwin version:          22.2.0
Architecture:            arm64
Running under Rosetta:   NO
Available memory:        16384 MB
Using pre-set license
Pro License: YES

COMMAND LINE ARGUMENTS:
/Applications/Unity/Hub/Editor/2021.3.4f1/Unity.app/Contents/MacOS/Unity
-adb2
-batchMode
-noUpm
-name
AssetImportWorker0
-projectPath
/Users/ymgmcmc/ymgmcmc/M4RS0702/M4RS.unity
-logFile
Logs/AssetImportWorker0.log
-srvPort
58581
Successfully changed project path to: /Users/ymgmcmc/ymgmcmc/M4RS0702/M4RS.unity
/Users/ymgmcmc/ymgmcmc/M4RS0702/M4RS.unity
[UnityMemory] Configuration Parameters - Can be set up in boot.config
    "memorysetup-bucket-allocator-granularity=16"
    "memorysetup-bucket-allocator-bucket-count=8"
    "memorysetup-bucket-allocator-block-size=33554432"
    "memorysetup-bucket-allocator-block-count=8"
    "memorysetup-main-allocator-block-size=16777216"
    "memorysetup-thread-allocator-block-size=16777216"
    "memorysetup-gfx-main-allocator-block-size=16777216"
    "memorysetup-gfx-thread-allocator-block-size=16777216"
    "memorysetup-cache-allocator-block-size=4194304"
    "memorysetup-typetree-allocator-block-size=2097152"
    "memorysetup-profiler-bucket-allocator-granularity=16"
    "memorysetup-profiler-bucket-allocator-bucket-count=8"
    "memorysetup-profiler-bucket-allocator-block-size=33554432"
    "memorysetup-profiler-bucket-allocator-block-count=8"
    "memorysetup-profiler-allocator-block-size=16777216"
    "memorysetup-profiler-editor-allocator-block-size=1048576"
    "memorysetup-temp-allocator-size-main=16777216"
    "memorysetup-job-temp-allocator-block-size=2097152"
    "memorysetup-job-temp-allocator-block-size-background=1048576"
    "memorysetup-job-temp-allocator-reduction-small-platforms=262144"
    "memorysetup-temp-allocator-size-background-worker=32768"
    "memorysetup-temp-allocator-size-job-worker=262144"
    "memorysetup-temp-allocator-size-preload-manager=33554432"
    "memorysetup-temp-allocator-size-nav-mesh-worker=65536"
    "memorysetup-temp-allocator-size-audio-worker=65536"
    "memorysetup-temp-allocator-size-cloud-worker=32768"
    "memorysetup-temp-allocator-size-gi-baking-worker=262144"
    "memorysetup-temp-allocator-size-gfx=262144"
Refreshing native plugins compatible for Editor in 154.19 ms, found 4 plugins.
Preloading 0 native plugins for Editor in 0.00 ms.
Initialize engine version: 2021.3.4f1 (cb45f9cae8b7)
[Subsystems] Discovering subsystems at path /Applications/Unity/Hub/Editor/2021.3.4f1/Unity.app/Contents/Resources/UnitySubsystems
[Subsystems] Discovering subsystems at path /Users/ymgmcmc/ymgmcmc/M4RS0702/M4RS.unity/Assets
GfxDevice: creating device client; threaded=0; jobified=0
 preferred device: Apple M1 Pro (high power)
Metal devices available: 1
0: Apple M1 Pro (high power)
Using device Apple M1 Pro (high power)
Initializing Metal device caps: Apple M1 Pro
Initialize mono
Mono path[0] = '/Applications/Unity/Hub/Editor/2021.3.4f1/Unity.app/Contents/Managed'
Mono path[1] = '/Applications/Unity/Hub/Editor/2021.3.4f1/Unity.app/Contents/MonoBleedingEdge/lib/mono/unityjit-macos'
Mono config path = '/Applications/Unity/Hub/Editor/2021.3.4f1/Unity.app/Contents/MonoBleedingEdge/etc'
Using monoOptions --debugger-agent=transport=dt_socket,embedding=1,server=y,suspend=n,address=127.0.0.1:56195
Begin MonoManager ReloadAssembly
Registering precompiled unity dll's ...
Register platform support module: /Applications/Unity/Hub/Editor/2021.3.4f1/PlaybackEngines/WebGLSupport/UnityEditor.WebGL.Extensions.dll
Register platform support module: /Applications/Unity/Hub/Editor/2021.3.4f1/Unity.app/Contents/PlaybackEngines/MacStandaloneSupport/UnityEditor.OSXStandalone.Extensions.dll
Register platform support module: /Applications/Unity/Hub/Editor/2021.3.4f1/PlaybackEngines/AndroidPlayer/UnityEditor.Android.Extensions.dll
Register platform support module: /Applications/Unity/Hub/Editor/2021.3.4f1/PlaybackEngines/iOSSupport/UnityEditor.iOS.Extensions.dll
Registered in 0.003215 seconds.
[usbmuxd] Start listen thread
[usbmuxd] Listen thread started
[usbmuxd] Send listen message
Native extension for iOS target not found
Native extension for Android target not found
Native extension for OSXStandalone target not found
Native extension for WebGL target not found
Refreshing native plugins compatible for Editor in 114.43 ms, found 4 plugins.
Preloading 0 native plugins for Editor in 0.00 ms.
Mono: successfully reloaded assembly
- Completed reload, in  0.569 seconds
Domain Reload Profiling:
	ReloadAssembly (570ms)
		BeginReloadAssembly (64ms)
			ExecutionOrderSort (0ms)
			DisableScriptedObjects (0ms)
			BackupInstance (0ms)
			ReleaseScriptingObjects (0ms)
			CreateAndSetChildDomain (1ms)
		EndReloadAssembly (424ms)
			LoadAssemblies (68ms)
			RebuildTransferFunctionScriptingTraits (1ms)
			SetupTypeCache (80ms)
			ReleaseScriptCaches (0ms)
			RebuildScriptCaches (19ms)
			SetupLoadedEditorAssemblies (291ms)
				LogAssemblyErrors (0ms)
				InitializePlatformSupportModulesInManaged (106ms)
				SetLoadedEditorAssemblies (0ms)
				RefreshPlugins (114ms)
				BeforeProcessingInitializeOnLoad (1ms)
				ProcessInitializeOnLoadAttributes (45ms)
				ProcessInitializeOnLoadMethodAttributes (24ms)
				AfterProcessingInitializeOnLoad (0ms)
				EditorAssembliesLoaded (0ms)
			ExecutionOrderSort2 (0ms)
			AwakeInstancesAfterBackupRestoration (0ms)
Platform modules already initialized, skipping
Registering precompiled user dll's ...
Registered in 0.002761 seconds.
Begin MonoManager ReloadAssembly
Symbol file LoadedFromMemory doesn't match image /Users/ymgmcmc/ymgmcmc/M4RS0702/M4RS.unity/Library/PackageCache/com.unity.visualscripting@1.7.8/Editor/VisualScripting.Core/Dependencies/YamlDotNet/Unity.VisualScripting.YamlDotNet.dll
Symbol file LoadedFromMemory doesn't match image /Users/ymgmcmc/ymgmcmc/M4RS0702/M4RS.unity/Library/PackageCache/com.unity.visualscripting@1.7.8/Editor/VisualScripting.Core/Dependencies/DotNetZip/Unity.VisualScripting.IonicZip.dll
Native extension for iOS target not found
Native extension for Android target not found
Native extension for OSXStandalone target not found
Native extension for WebGL target not found
Refreshing native plugins compatible for Editor in 114.38 ms, found 4 plugins.
Preloading 0 native plugins for Editor in 0.00 ms.
Mono: successfully reloaded assembly
- Completed reload, in  1.227 seconds
Domain Reload Profiling:
	ReloadAssembly (1227ms)
		BeginReloadAssembly (164ms)
			ExecutionOrderSort (0ms)
			DisableScriptedObjects (3ms)
			BackupInstance (0ms)
			ReleaseScriptingObjects (0ms)
			CreateAndSetChildDomain (119ms)
		EndReloadAssembly (991ms)
			LoadAssemblies (76ms)
			RebuildTransferFunctionScriptingTraits (0ms)
			SetupTypeCache (244ms)
			ReleaseScriptCaches (6ms)
			RebuildScriptCaches (59ms)
			SetupLoadedEditorAssemblies (578ms)
				LogAssemblyErrors (0ms)
				InitializePlatformSupportModulesInManaged (15ms)
				SetLoadedEditorAssemblies (0ms)
				RefreshPlugins (114ms)
				BeforeProcessingInitializeOnLoad (90ms)
				ProcessInitializeOnLoadAttributes (206ms)
				ProcessInitializeOnLoadMethodAttributes (151ms)
				AfterProcessingInitializeOnLoad (1ms)
				EditorAssembliesLoaded (0ms)
			ExecutionOrderSort2 (0ms)
			AwakeInstancesAfterBackupRestoration (2ms)
Platform modules already initialized, skipping
========================================================================
Worker process is ready to serve import requests
Launching external process: /Applications/Unity/Hub/Editor/2021.3.4f1/Unity.app/Contents/Tools/UnityShaderCompiler
Launched and connected shader compiler UnityShaderCompiler after 0.13 seconds
Refreshing native plugins compatible for Editor in 0.70 ms, found 4 plugins.
Preloading 0 native plugins for Editor in 0.00 ms.
Unloading 6613 Unused Serialized files (Serialized files now loaded: 0)
Unloading 68 unused Assets / (1.8 MB). Loaded Objects now: 7055.
Memory consumption went from 291.8 MB to 290.0 MB.
Total: 3.870875 ms (FindLiveObjects: 0.261416 ms CreateObjectMapping: 0.089625 ms MarkObjects: 2.811125 ms  DeleteObjects: 0.707916 ms)

AssetImportParameters requested are different than current active one (requested -> active):
  custom:video-decoder-ogg-theora: a1e56fd34408186e4bbccfd4996cb3dc -> 
  custom:container-muxer-webm: aa71ff27fc2769a1b78a27578f13a17b -> 
  custom:container-demuxer-webm: 4f35f7cbe854078d1ac9338744f61a02 -> 
  custom:video-encoder-webm-vp8: eb34c28f22e8b96e1ab97ce403110664 -> 
  custom:framework-osx-AVFoundation: e770b220cccbd017edd2c1fefb359320 -> 
  custom:audio-encoder-webm-vorbis: bf7c407c2cedff20999df2af8eb42d56 -> 
  custom:container-demuxer-ogg: 62fdf1f143b41e24485cea50d1cbac27 -> 
  custom:video-decoder-webm-vp8: 9c59270c3fd7afecdb556c50c9e8de78 -> 
  custom:audio-decoder-ogg-vorbis: bf7c407c2cedff20999df2af8eb42d56 -> 
========================================================================
Received Import Request.
  Time since last request: 1221236.972318 seconds.
  path: Assets/ymgmcmc/Shaders/marbletest.shader
  artifactKey: Guid(601154412b2e64ab79e2d4b97f998756) Importer(815301076,1909f56bfc062723c751e8b465ee728b)
Start importing Assets/ymgmcmc/Shaders/marbletest.shader using Guid(601154412b2e64ab79e2d4b97f998756) Importer(815301076,1909f56bfc062723c751e8b465ee728b)  -> (artifact id: 'f7bfe7913002c0092ad79916bcdd96c6') in 0.122744 seconds 
========================================================================
Received Import Request.
  Time since last request: 13.670545 seconds.
  path: Assets/ymgmcmc/Shaders/marbletest.shader
  artifactKey: Guid(601154412b2e64ab79e2d4b97f998756) Importer(815301076,1909f56bfc062723c751e8b465ee728b)
Start importing Assets/ymgmcmc/Shaders/marbletest.shader using Guid(601154412b2e64ab79e2d4b97f998756) Importer(815301076,1909f56bfc062723c751e8b465ee728b)  -> (artifact id: '1e68af4df20570be182cfc490f869b5c') in 0.002642 seconds 
========================================================================
Received Import Request.
  Time since last request: 85.159859 seconds.
  path: Assets/ymgmcmc/Shaders/marbletest.shader
  artifactKey: Guid(601154412b2e64ab79e2d4b97f998756) Importer(815301076,1909f56bfc062723c751e8b465ee728b)
Start importing Assets/ymgmcmc/Shaders/marbletest.shader using Guid(601154412b2e64ab79e2d4b97f998756) Importer(815301076,1909f56bfc062723c751e8b465ee728b)  -> (artifact id: '06e765278b69ac8ae50237b8f3589d03') in 0.021679 seconds 
========================================================================
Received Import Request.
  Time since last request: 88.468542 seconds.
  path: Assets/ymgmcmc/Shaders/marbletest.shader
  artifactKey: Guid(601154412b2e64ab79e2d4b97f998756) Importer(815301076,1909f56bfc062723c751e8b465ee728b)
Start importing Assets/ymgmcmc/Shaders/marbletest.shader using Guid(601154412b2e64ab79e2d4b97f998756) Importer(815301076,1909f56bfc062723c751e8b465ee728b)  -> (artifact id: '96289c90187929810d98e300ec6186de') in 0.040785 seconds 
========================================================================
Received Import Request.
  Time since last request: 24.026259 seconds.
  path: Assets/ymgmcmc/Shaders/marbletest.shader
  artifactKey: Guid(601154412b2e64ab79e2d4b97f998756) Importer(815301076,1909f56bfc062723c751e8b465ee728b)
Start importing Assets/ymgmcmc/Shaders/marbletest.shader using Guid(601154412b2e64ab79e2d4b97f998756) Importer(815301076,1909f56bfc062723c751e8b465ee728b)  -> (artifact id: '37e78f23165bb6db82ac2d9c761bacca') in 0.000971 seconds 
========================================================================
Received Import Request.
  Time since last request: 168.353589 seconds.
  path: Assets/ymgmcmc/Shaders/marbletest.shader
  artifactKey: Guid(601154412b2e64ab79e2d4b97f998756) Importer(815301076,1909f56bfc062723c751e8b465ee728b)
Start importing Assets/ymgmcmc/Shaders/marbletest.shader using Guid(601154412b2e64ab79e2d4b97f998756) Importer(815301076,1909f56bfc062723c751e8b465ee728b)  -> (artifact id: '6730868c020a432cbb27aa2385424aa6') in 0.045965 seconds 
========================================================================
Received Import Request.
  Time since last request: 10.800764 seconds.
  path: Assets/ymgmcmc/Shaders/marbletest.shader
  artifactKey: Guid(601154412b2e64ab79e2d4b97f998756) Importer(815301076,1909f56bfc062723c751e8b465ee728b)
Start importing Assets/ymgmcmc/Shaders/marbletest.shader using Guid(601154412b2e64ab79e2d4b97f998756) Importer(815301076,1909f56bfc062723c751e8b465ee728b)  -> (artifact id: '21c02eff11adf29c9b67c3deefc1ea83') in 0.047265 seconds 
========================================================================
Received Import Request.
  Time since last request: 35.080409 seconds.
  path: Assets/ymgmcmc/Shaders/marbletest.shader
  artifactKey: Guid(601154412b2e64ab79e2d4b97f998756) Importer(815301076,1909f56bfc062723c751e8b465ee728b)
Start importing Assets/ymgmcmc/Shaders/marbletest.shader using Guid(601154412b2e64ab79e2d4b97f998756) Importer(815301076,1909f56bfc062723c751e8b465ee728b)  -> (artifact id: '2f059b890f9e7c0cb7cc59b9e451645b') in 0.004430 seconds 
========================================================================
Received Import Request.
  Time since last request: 15.352714 seconds.
  path: Assets/ymgmcmc/Materials/jupyter_test.mat
  artifactKey: Guid(cef4ee214b6ac4f7ebc4ad8a675b9643) Importer(815301076,1909f56bfc062723c751e8b465ee728b)
Start importing Assets/ymgmcmc/Materials/jupyter_test.mat using Guid(cef4ee214b6ac4f7ebc4ad8a675b9643) Importer(815301076,1909f56bfc062723c751e8b465ee728b)  -> (artifact id: '22aae926582a83017d4f4b0ac217bf4e') in 1.565144 seconds 
========================================================================
Received Import Request.
  Time since last request: 9.396925 seconds.
  path: Assets/ymgmcmc/Materials/marble_test.mat
  artifactKey: Guid(59936f97697aa4c7bb2acaeb83b6f3b1) Importer(815301076,1909f56bfc062723c751e8b465ee728b)
Start importing Assets/ymgmcmc/Materials/marble_test.mat using Guid(59936f97697aa4c7bb2acaeb83b6f3b1) Importer(815301076,1909f56bfc062723c751e8b465ee728b)  -> (artifact id: 'c4ed8f98339d1d0f2c7b8de1ed930f18') in 0.100316 seconds 
========================================================================
Received Import Request.
  Time since last request: 185.193985 seconds.
  path: Assets/ymgmcmc/Shaders/marbletest.shader
  artifactKey: Guid(601154412b2e64ab79e2d4b97f998756) Importer(815301076,1909f56bfc062723c751e8b465ee728b)
Start importing Assets/ymgmcmc/Shaders/marbletest.shader using Guid(601154412b2e64ab79e2d4b97f998756) Importer(815301076,1909f56bfc062723c751e8b465ee728b)  -> (artifact id: 'e70a754248272f5daa6e0070b85eec8d') in 0.010758 seconds 
========================================================================
Received Import Request.
  Time since last request: 3.304539 seconds.
  path: Assets/ymgmcmc/Shaders/marbletest.shader
  artifactKey: Guid(601154412b2e64ab79e2d4b97f998756) Importer(815301076,1909f56bfc062723c751e8b465ee728b)
Start importing Assets/ymgmcmc/Shaders/marbletest.shader using Guid(601154412b2e64ab79e2d4b97f998756) Importer(815301076,1909f56bfc062723c751e8b465ee728b)  -> (artifact id: 'ae728843bd5a80487cd65b7b9ac0c422') in 0.001152 seconds 
========================================================================
Received Prepare
Registering precompiled user dll's ...
Registered in 0.002288 seconds.
Begin MonoManager ReloadAssembly
Thread 0x2b07c7000 may have been prematurely finalized
Symbol file LoadedFromMemory doesn't match image /Users/ymgmcmc/ymgmcmc/M4RS0702/M4RS.unity/Library/PackageCache/com.unity.visualscripting@1.7.8/Editor/VisualScripting.Core/Dependencies/YamlDotNet/Unity.VisualScripting.YamlDotNet.dll
Symbol file LoadedFromMemory doesn't match image /Users/ymgmcmc/ymgmcmc/M4RS0702/M4RS.unity/Library/PackageCache/com.unity.visualscripting@1.7.8/Editor/VisualScripting.Core/Dependencies/DotNetZip/Unity.VisualScripting.IonicZip.dll
Native extension for iOS target not found
Native extension for Android target not found
Native extension for OSXStandalone target not found
Native extension for WebGL target not found
Refreshing native plugins compatible for Editor in 1.10 ms, found 4 plugins.
Preloading 0 native plugins for Editor in 0.00 ms.
Mono: successfully reloaded assembly
- Completed reload, in  1.212 seconds
Domain Reload Profiling:
	ReloadAssembly (1213ms)
		BeginReloadAssembly (263ms)
			ExecutionOrderSort (0ms)
			DisableScriptedObjects (26ms)
			BackupInstance (0ms)
			ReleaseScriptingObjects (0ms)
			CreateAndSetChildDomain (142ms)
		EndReloadAssembly (885ms)
			LoadAssemblies (60ms)
			RebuildTransferFunctionScriptingTraits (0ms)
			SetupTypeCache (330ms)
			ReleaseScriptCaches (6ms)
			RebuildScriptCaches (58ms)
			SetupLoadedEditorAssemblies (353ms)
				LogAssemblyErrors (0ms)
				InitializePlatformSupportModulesInManaged (27ms)
				SetLoadedEditorAssemblies (0ms)
				RefreshPlugins (1ms)
				BeforeProcessingInitializeOnLoad (86ms)
				ProcessInitializeOnLoadAttributes (207ms)
				ProcessInitializeOnLoadMethodAttributes (31ms)
				AfterProcessingInitializeOnLoad (1ms)
				EditorAssembliesLoaded (0ms)
			ExecutionOrderSort2 (0ms)
			AwakeInstancesAfterBackupRestoration (8ms)
Platform modules already initialized, skipping
Refreshing native plugins compatible for Editor in 2.99 ms, found 4 plugins.
Preloading 0 native plugins for Editor in 0.00 ms.
Unloading 6305 Unused Serialized files (Serialized files now loaded: 0)
Unloading 59 unused Assets / (1.8 MB). Loaded Objects now: 7205.
Memory consumption went from 438.7 MB to 436.8 MB.
Total: 15.002708 ms (FindLiveObjects: 0.336875 ms CreateObjectMapping: 0.134167 ms MarkObjects: 14.140791 ms  DeleteObjects: 0.389458 ms)

AssetImportParameters requested are different than current active one (requested -> active):
  custom:video-decoder-ogg-theora: a1e56fd34408186e4bbccfd4996cb3dc -> 
  custom:container-muxer-webm: aa71ff27fc2769a1b78a27578f13a17b -> 
  custom:container-demuxer-webm: 4f35f7cbe854078d1ac9338744f61a02 -> 
  custom:video-encoder-webm-vp8: eb34c28f22e8b96e1ab97ce403110664 -> 
  custom:framework-osx-AVFoundation: e770b220cccbd017edd2c1fefb359320 -> 
  custom:audio-encoder-webm-vorbis: bf7c407c2cedff20999df2af8eb42d56 -> 
  custom:container-demuxer-ogg: 62fdf1f143b41e24485cea50d1cbac27 -> 
  custom:video-decoder-webm-vp8: 9c59270c3fd7afecdb556c50c9e8de78 -> 
  custom:audio-decoder-ogg-vorbis: bf7c407c2cedff20999df2af8eb42d56 -> 
========================================================================
Received Import Request.
  Time since last request: 159.332674 seconds.
  path: Assets/ymgmcmc/Shaders/marbletest.shader
  artifactKey: Guid(601154412b2e64ab79e2d4b97f998756) Importer(815301076,1909f56bfc062723c751e8b465ee728b)
Start importing Assets/ymgmcmc/Shaders/marbletest.shader using Guid(601154412b2e64ab79e2d4b97f998756) Importer(815301076,1909f56bfc062723c751e8b465ee728b)  -> (artifact id: '9130d5ac540111eaa02acff4345c4495') in 0.321395 seconds 
========================================================================
Received Import Request.
  Time since last request: 19.100031 seconds.
  path: Assets/ymgmcmc/Shaders/marbletest.shader
  artifactKey: Guid(601154412b2e64ab79e2d4b97f998756) Importer(815301076,1909f56bfc062723c751e8b465ee728b)
Start importing Assets/ymgmcmc/Shaders/marbletest.shader using Guid(601154412b2e64ab79e2d4b97f998756) Importer(815301076,1909f56bfc062723c751e8b465ee728b)  -> (artifact id: 'c4b26fa7819bc77e2abe51729ef706fb') in 0.001243 seconds 
========================================================================
Received Import Request.
  Time since last request: 57.034595 seconds.
  path: Assets/ymgmcmc/Shaders/marbletest.shader
  artifactKey: Guid(601154412b2e64ab79e2d4b97f998756) Importer(815301076,1909f56bfc062723c751e8b465ee728b)
Start importing Assets/ymgmcmc/Shaders/marbletest.shader using Guid(601154412b2e64ab79e2d4b97f998756) Importer(815301076,1909f56bfc062723c751e8b465ee728b)  -> (artifact id: 'f4c669deea4b7b7b6effa95c7bbc2697') in 0.015906 seconds 
========================================================================
Received Import Request.
  Time since last request: 24.443980 seconds.
  path: Assets/ymgmcmc/Shaders/marbletest.shader
  artifactKey: Guid(601154412b2e64ab79e2d4b97f998756) Importer(815301076,1909f56bfc062723c751e8b465ee728b)
Start importing Assets/ymgmcmc/Shaders/marbletest.shader using Guid(601154412b2e64ab79e2d4b97f998756) Importer(815301076,1909f56bfc062723c751e8b465ee728b)  -> (artifact id: '65208223762bc4cc77098d27a4630e08') in 0.003188 seconds 
========================================================================
Received Import Request.
  Time since last request: 45.100794 seconds.
  path: Assets/ymgmcmc/Shaders/marbletest.shader
  artifactKey: Guid(601154412b2e64ab79e2d4b97f998756) Importer(815301076,1909f56bfc062723c751e8b465ee728b)
Start importing Assets/ymgmcmc/Shaders/marbletest.shader using Guid(601154412b2e64ab79e2d4b97f998756) Importer(815301076,1909f56bfc062723c751e8b465ee728b)  -> (artifact id: '13877c94bcc4468c3b85109751b6bea2') in 0.011374 seconds 
========================================================================
Received Import Request.
  Time since last request: 407.046704 seconds.
  path: Assets/ymgmcmc/Shaders/jupyter_test.shadergraph
  artifactKey: Guid(91969136c2e914d8c899e4165a1b9f77) Importer(815301076,1909f56bfc062723c751e8b465ee728b)
Start importing Assets/ymgmcmc/Shaders/jupyter_test.shadergraph using Guid(91969136c2e914d8c899e4165a1b9f77) Importer(815301076,1909f56bfc062723c751e8b465ee728b)  -> (artifact id: 'c1ebdd377b70471e25682064c2b5dcb3') in 0.086584 seconds 
========================================================================
Received Import Request.
  Time since last request: 573.240136 seconds.
  path: Assets/ymgmcmc/Shaders/jupyter_test.shadergraph
  artifactKey: Guid(91969136c2e914d8c899e4165a1b9f77) Importer(815301076,1909f56bfc062723c751e8b465ee728b)
Start importing Assets/ymgmcmc/Shaders/jupyter_test.shadergraph using Guid(91969136c2e914d8c899e4165a1b9f77) Importer(815301076,1909f56bfc062723c751e8b465ee728b)  -> (artifact id: '88e93a6bdaf18d21f0aa4b1be60ff927') in 0.005062 seconds 
========================================================================
Received Import Request.
  Time since last request: 14.995423 seconds.
  path: Assets/ymgmcmc/Materials/jupyter_test.mat
  artifactKey: Guid(cef4ee214b6ac4f7ebc4ad8a675b9643) Importer(815301076,1909f56bfc062723c751e8b465ee728b)
Start importing Assets/ymgmcmc/Materials/jupyter_test.mat using Guid(cef4ee214b6ac4f7ebc4ad8a675b9643) Importer(815301076,1909f56bfc062723c751e8b465ee728b)  -> (artifact id: 'b6b353653f14a5d75cb1571a26a5f177') in 1.190208 seconds 
========================================================================
Received Import Request.
  Time since last request: 208.301188 seconds.
  path: Assets/ymgmcmc/Materials/jupyter_test.mat
  artifactKey: Guid(cef4ee214b6ac4f7ebc4ad8a675b9643) Importer(815301076,1909f56bfc062723c751e8b465ee728b)
Start importing Assets/ymgmcmc/Materials/jupyter_test.mat using Guid(cef4ee214b6ac4f7ebc4ad8a675b9643) Importer(815301076,1909f56bfc062723c751e8b465ee728b)  -> (artifact id: '01642632ae53e560fcb31a144f65514f') in 0.217660 seconds 
